<?xml version="1.0" encoding="UTF-8"?>
<testsuite xmlns:xsi="http://www.w3.org/2001/XMLSchema-instance" xsi:schemaLocation="https://maven.apache.org/surefire/maven-surefire-plugin/xsd/surefire-test-report.xsd" name="TestSuite" time="440.356" tests="3" errors="0" skipped="0" failures="1">
  <properties>
[...]
</properties>
  <testcase name="SecondTask" classname="Test.Test2" time="195.986">
    <failure message="begin 0, end -4, length 0" type="java.lang.StringIndexOutOfBoundsException">java.lang.StringIndexOutOfBoundsException: begin 0, end -4, length 0
	at Test.Test2.SecondTask(Test2.java:57)
</failure>
    <system-err><![CDATA[Starting ChromeDriver 2.37.544337 (8c0344a12e552148c185f7d5117db1f28d6c9e85) on port 28350
Only local connections are allowed.
]]></system-err>
  </testcase>
  <testcase name="thirdTest" classname="Test.Test3" time="152.371"/>
  <testcase name="FirstTask" classname="Test.Test1" time="85.002"/>
</testsuite>